  main.cpp
  Dacia.cpp
  Mercedes.cpp
  Mazda.cpp
  Ford.cpp
  Circuit.cpp
  Toyota.cpp
  Generating Code...
Toyota.obj : error LNK2019: unresolved external symbol "public: __thiscall Car::Car(double,double,double,double,double)" (??0Car@@QAE@NNNNN@Z) referenced in function "public: __thiscall Toyota::Toyota(void)" (??0Toyota@@QAE@XZ)
Dacia.obj : error LNK2001: unresolved external symbol "public: __thiscall Car::Car(double,double,double,double,double)" (??0Car@@QAE@NNNNN@Z)
Mercedes.obj : error LNK2001: unresolved external symbol "public: __thiscall Car::Car(double,double,double,double,double)" (??0Car@@QAE@NNNNN@Z)
Mazda.obj : error LNK2001: unresolved external symbol "public: __thiscall Car::Car(double,double,double,double,double)" (??0Car@@QAE@NNNNN@Z)
Ford.obj : error LNK2001: unresolved external symbol "public: __thiscall Car::Car(double,double,double,double,double)" (??0Car@@QAE@NNNNN@Z)
Toyota.obj : error LNK2019: unresolved external symbol "public: virtual __thiscall Car::~Car(void)" (??1Car@@UAE@XZ) referenced in function "public: virtual __thiscall Toyota::~Toyota(void)" (??1Toyota@@UAE@XZ)
Dacia.obj : error LNK2001: unresolved external symbol "public: virtual __thiscall Car::~Car(void)" (??1Car@@UAE@XZ)
Mercedes.obj : error LNK2001: unresolved external symbol "public: virtual __thiscall Car::~Car(void)" (??1Car@@UAE@XZ)
Mazda.obj : error LNK2001: unresolved external symbol "public: virtual __thiscall Car::~Car(void)" (??1Car@@UAE@XZ)
Ford.obj : error LNK2001: unresolved external symbol "public: virtual __thiscall Car::~Car(void)" (??1Car@@UAE@XZ)
Mazda.obj : error LNK2001: unresolved external symbol "public: virtual char const * __thiscall Mazda::getName(void)" (?getName@Mazda@@UAEPBDXZ)
Circuit.obj : error LNK2019: unresolved external symbol "public: double __thiscall Car::getFinishTime(void)" (?getFinishTime@Car@@QAENXZ) referenced in function "public: __thiscall `public: void __thiscall Circuit::ShowFinalRanks(void)'::`2'::<lambda_1>::operator()(class Car *,class Car *)const " (??R<lambda_1>@?1??ShowFinalRanks@Circuit@@QAEXXZ@QBE@PAVCar@@0@Z)
Circuit.obj : error LNK2019: unresolved external symbol "public: void __thiscall Car::setFinishTime(double)" (?setFinishTime@Car@@QAEXN@Z) referenced in function "public: void __thiscall Circuit::Race(void)" (?Race@Circuit@@QAEXXZ)
C:\Users\User\Desktop\Documente\OOP\OOP-Lab6-Prodan.D.A3\Lab6\Debug\Lab6.exe : fatal error LNK1120: 5 unresolved externals
